<?xml version="1.0" encoding="UTF-8"?>
<!-- Generated by org.testng.reporters.JUnitReportReporter -->
<testsuite hostname="DESKTOP-9QPUS56" name="test.com.LoginPageTest" tests="2" failures="0" timestamp="2 Mar 2019 21:54:40 GMT" time="0.015" errors="0">
  <testcase name="testPassword" time="0.010" classname="test.com.LoginPageTest"/>
  <testcase name="testUsername" time="0.005" classname="test.com.LoginPageTest"/>
</testsuite> <!-- test.com.LoginPageTest -->
